  EstimationOfEffectiveness.cpp
d:\chirurg\projekty\c++\sztuczna\przemyslaw.prusik\estimation of classifiers effectiveness\estimationofeffectiveness\estimationofeffectiveness\estimationofeffectiveness.cpp(66): warning C4018: "<=": niezgodność typu ze znakiem/bez znaku
d:\chirurg\projekty\c++\sztuczna\przemyslaw.prusik\estimation of classifiers effectiveness\estimationofeffectiveness\estimationofeffectiveness\estimationofeffectiveness.cpp(105): warning C4018: "<": niezgodność typu ze znakiem/bez znaku
d:\chirurg\projekty\c++\sztuczna\przemyslaw.prusik\estimation of classifiers effectiveness\estimationofeffectiveness\estimationofeffectiveness\estimationofeffectiveness.cpp(143): warning C4244: "argument": konwersja z "time_t" do "unsigned int", możliwa utrata danych
d:\chirurg\projekty\c++\sztuczna\przemyslaw.prusik\estimation of classifiers effectiveness\estimationofeffectiveness\estimationofeffectiveness\estimationofeffectiveness.cpp(148): warning C4018: "<": niezgodność typu ze znakiem/bez znaku
d:\chirurg\projekty\c++\sztuczna\przemyslaw.prusik\estimation of classifiers effectiveness\estimationofeffectiveness\estimationofeffectiveness\estimationofeffectiveness.cpp(185): warning C4018: "<": niezgodność typu ze znakiem/bez znaku
d:\chirurg\projekty\c++\sztuczna\przemyslaw.prusik\estimation of classifiers effectiveness\estimationofeffectiveness\estimationofeffectiveness\estimationofeffectiveness.cpp(198): warning C4018: "<": niezgodność typu ze znakiem/bez znaku
d:\chirurg\projekty\c++\sztuczna\przemyslaw.prusik\estimation of classifiers effectiveness\estimationofeffectiveness\estimationofeffectiveness\estimationofeffectiveness.cpp(203): warning C4018: "<": niezgodność typu ze znakiem/bez znaku
d:\chirurg\projekty\c++\sztuczna\przemyslaw.prusik\estimation of classifiers effectiveness\estimationofeffectiveness\estimationofeffectiveness\estimationofeffectiveness.cpp(235): warning C4244: "inicjowanie": konwersja z "float" do "int", możliwa utrata danych
d:\chirurg\projekty\c++\sztuczna\przemyslaw.prusik\estimation of classifiers effectiveness\estimationofeffectiveness\estimationofeffectiveness\estimationofeffectiveness.cpp(235): warning C4244: "inicjowanie": konwersja z "float" do "const int", możliwa utrata danych
d:\chirurg\projekty\c++\sztuczna\przemyslaw.prusik\estimation of classifiers effectiveness\estimationofeffectiveness\estimationofeffectiveness\estimationofeffectiveness.cpp(236): warning C4244: "inicjowanie": konwersja z "float" do "int", możliwa utrata danych
d:\chirurg\projekty\c++\sztuczna\przemyslaw.prusik\estimation of classifiers effectiveness\estimationofeffectiveness\estimationofeffectiveness\estimationofeffectiveness.cpp(236): warning C4244: "inicjowanie": konwersja z "float" do "const int", możliwa utrata danych
d:\chirurg\projekty\c++\sztuczna\przemyslaw.prusik\estimation of classifiers effectiveness\estimationofeffectiveness\estimationofeffectiveness\estimationofeffectiveness.cpp(271): warning C4244: "argument": konwersja z "time_t" do "unsigned int", możliwa utrata danych
d:\chirurg\projekty\c++\sztuczna\przemyslaw.prusik\estimation of classifiers effectiveness\estimationofeffectiveness\estimationofeffectiveness\estimationofeffectiveness.cpp(277): warning C4018: "<": niezgodność typu ze znakiem/bez znaku
d:\chirurg\projekty\c++\sztuczna\przemyslaw.prusik\estimation of classifiers effectiveness\estimationofeffectiveness\estimationofeffectiveness\estimationofeffectiveness.cpp(286): warning C4018: "<": niezgodność typu ze znakiem/bez znaku
d:\chirurg\projekty\c++\sztuczna\przemyslaw.prusik\estimation of classifiers effectiveness\estimationofeffectiveness\estimationofeffectiveness\estimationofeffectiveness.cpp(299): warning C4018: "<": niezgodność typu ze znakiem/bez znaku
d:\chirurg\projekty\c++\sztuczna\przemyslaw.prusik\estimation of classifiers effectiveness\estimationofeffectiveness\estimationofeffectiveness\estimationofeffectiveness.cpp(340): warning C4244: "inicjowanie": konwersja z "float" do "int", możliwa utrata danych
d:\chirurg\projekty\c++\sztuczna\przemyslaw.prusik\estimation of classifiers effectiveness\estimationofeffectiveness\estimationofeffectiveness\estimationofeffectiveness.cpp(340): warning C4244: "inicjowanie": konwersja z "float" do "const int", możliwa utrata danych
d:\chirurg\projekty\c++\sztuczna\przemyslaw.prusik\estimation of classifiers effectiveness\estimationofeffectiveness\estimationofeffectiveness\estimationofeffectiveness.cpp(341): warning C4244: "inicjowanie": konwersja z "float" do "int", możliwa utrata danych
d:\chirurg\projekty\c++\sztuczna\przemyslaw.prusik\estimation of classifiers effectiveness\estimationofeffectiveness\estimationofeffectiveness\estimationofeffectiveness.cpp(341): warning C4244: "inicjowanie": konwersja z "float" do "const int", możliwa utrata danych
d:\chirurg\projekty\c++\sztuczna\przemyslaw.prusik\estimation of classifiers effectiveness\estimationofeffectiveness\estimationofeffectiveness\estimationofeffectiveness.cpp(377): warning C4244: "argument": konwersja z "time_t" do "unsigned int", możliwa utrata danych
d:\chirurg\projekty\c++\sztuczna\przemyslaw.prusik\estimation of classifiers effectiveness\estimationofeffectiveness\estimationofeffectiveness\estimationofeffectiveness.cpp(389): warning C4018: "<": niezgodność typu ze znakiem/bez znaku
d:\chirurg\projekty\c++\sztuczna\przemyslaw.prusik\estimation of classifiers effectiveness\estimationofeffectiveness\estimationofeffectiveness\estimationofeffectiveness.cpp(398): warning C4018: "<": niezgodność typu ze znakiem/bez znaku
d:\chirurg\projekty\c++\sztuczna\przemyslaw.prusik\estimation of classifiers effectiveness\estimationofeffectiveness\estimationofeffectiveness\estimationofeffectiveness.cpp(411): warning C4018: "<": niezgodność typu ze znakiem/bez znaku
d:\chirurg\projekty\c++\sztuczna\przemyslaw.prusik\estimation of classifiers effectiveness\estimationofeffectiveness\estimationofeffectiveness\estimationofeffectiveness.cpp(433): warning C4018: "<": niezgodność typu ze znakiem/bez znaku
d:\chirurg\projekty\c++\sztuczna\przemyslaw.prusik\estimation of classifiers effectiveness\estimationofeffectiveness\estimationofeffectiveness\estimationofeffectiveness.cpp(502): warning C4244: "argument": konwersja z "time_t" do "unsigned int", możliwa utrata danych
d:\chirurg\projekty\c++\sztuczna\przemyslaw.prusik\estimation of classifiers effectiveness\estimationofeffectiveness\estimationofeffectiveness\estimationofeffectiveness.cpp(514): warning C4018: "<": niezgodność typu ze znakiem/bez znaku
d:\chirurg\projekty\c++\sztuczna\przemyslaw.prusik\estimation of classifiers effectiveness\estimationofeffectiveness\estimationofeffectiveness\estimationofeffectiveness.cpp(526): warning C4018: "<": niezgodność typu ze znakiem/bez znaku
d:\chirurg\projekty\c++\sztuczna\przemyslaw.prusik\estimation of classifiers effectiveness\estimationofeffectiveness\estimationofeffectiveness\estimationofeffectiveness.cpp(539): warning C4018: "<": niezgodność typu ze znakiem/bez znaku
d:\chirurg\projekty\c++\sztuczna\przemyslaw.prusik\estimation of classifiers effectiveness\estimationofeffectiveness\estimationofeffectiveness\estimationofeffectiveness.cpp(561): warning C4018: "<": niezgodność typu ze znakiem/bez znaku
d:\chirurg\projekty\c++\sztuczna\przemyslaw.prusik\estimation of classifiers effectiveness\estimationofeffectiveness\estimationofeffectiveness\estimationofeffectiveness.cpp(646): warning C4018: "<": niezgodność typu ze znakiem/bez znaku
d:\chirurg\projekty\c++\sztuczna\przemyslaw.prusik\estimation of classifiers effectiveness\estimationofeffectiveness\estimationofeffectiveness\estimationofeffectiveness.cpp(661): warning C4018: "<": niezgodność typu ze znakiem/bez znaku
d:\chirurg\projekty\c++\sztuczna\przemyslaw.prusik\estimation of classifiers effectiveness\estimationofeffectiveness\estimationofeffectiveness\estimationofeffectiveness.cpp(704): warning C4244: "argument": konwersja z "time_t" do "unsigned int", możliwa utrata danych
d:\chirurg\projekty\c++\sztuczna\przemyslaw.prusik\estimation of classifiers effectiveness\estimationofeffectiveness\estimationofeffectiveness\estimationofeffectiveness.cpp(722): warning C4018: "<": niezgodność typu ze znakiem/bez znaku
d:\chirurg\projekty\c++\sztuczna\przemyslaw.prusik\estimation of classifiers effectiveness\estimationofeffectiveness\estimationofeffectiveness\estimationofeffectiveness.cpp(752): warning C4018: "<": niezgodność typu ze znakiem/bez znaku
d:\chirurg\projekty\c++\sztuczna\przemyslaw.prusik\estimation of classifiers effectiveness\estimationofeffectiveness\estimationofeffectiveness\estimationofeffectiveness.cpp(763): warning C4018: "<": niezgodność typu ze znakiem/bez znaku
d:\chirurg\projekty\c++\sztuczna\przemyslaw.prusik\estimation of classifiers effectiveness\estimationofeffectiveness\estimationofeffectiveness\estimationofeffectiveness.cpp(774): warning C4018: "<": niezgodność typu ze znakiem/bez znaku
d:\chirurg\projekty\c++\sztuczna\przemyslaw.prusik\estimation of classifiers effectiveness\estimationofeffectiveness\estimationofeffectiveness\estimationofeffectiveness.cpp(796): warning C4018: "<": niezgodność typu ze znakiem/bez znaku
  EstimationOfEffectiveness.vcxproj -> D:\Chirurg\Projekty\C++\Sztuczna\Przemyslaw.Prusik\Estimation of Classifiers Effectiveness\EstimationOfEffectiveness\Debug\EstimationOfEffectiveness.exe
